This is e-pTeX, Version 3.14159265-p3.8.3-191112-2.6 (utf8.sjis) (TeX Live 2020/W32TeX) (preloaded format=platex 2020.12.15)  12 JAN 2021 14:22
entering extended mode
 restricted \write18 enabled.
 file:line:error style messages enabled.
 %&-line parsing enabled.
**"c:/Users/Sora Yamaguchi/Desktop/研究/paper-template/paper.tex"
(c:/Users/Sora Yamaguchi/Desktop/研究/paper-template/paper.tex
pLaTeX2e <2020-10-01>+1 (based on LaTeX2e <2020-10-01> patch level 2)
L3 programming layer <2020-12-07> xparse <2020-03-03> (c:/texlive/2020/texmf-dist/tex/platex/base/jreport.cls
Document Class: jreport 2020/09/30 v1.8f Standard pLaTeX class
\c@@paper=\count176
(c:/texlive/2020/texmf-dist/tex/latex/base/fleqn.clo
File: fleqn.clo 2016/12/29 v1.2b Standard LaTeX option (flush left equations)
\mathindent=\skip47
Applying: [2015/01/01] Make \[ robust on input line 50.
LaTeX Info: Redefining \[ on input line 51.
Already applied: [0000/00/00] Make \[ robust on input line 62.
Applying: [2015/01/01] Make \] robust on input line 74.
LaTeX Info: Redefining \] on input line 75.
Already applied: [0000/00/00] Make \] robust on input line 83.
) (c:/texlive/2020/texmf-dist/tex/platex/base/jsize11.clo
File: jsize11.clo 2020/09/30 v1.8f Standard pLaTeX file (size option)
)
\c@part=\count177
\c@chapter=\count178
\c@section=\count179
\c@subsection=\count180
\c@subsubsection=\count181
\c@paragraph=\count182
\c@subparagraph=\count183
\c@figure=\count184
\c@table=\count185
\abovecaptionskip=\skip48
\belowcaptionskip=\skip49
\symmincho=\mathgroup4
LaTeX Font Info:    Overwriting symbol font `mincho' in version `bold'
(Font)                  JY1/mc/m/n --> JY1/gt/m/n on input line 704.
\toclineskip=\dimen154
\@lnumwidth=\dimen155
\bibindent=\dimen156
\heisei=\count186
) (./mysty.sty) (c:/texlive/2020/texmf-dist/tex/latex/graphics/graphicx.sty
Package: graphicx 2020/09/09 v1.2b Enhanced LaTeX Graphics (DPC,SPQR)
(c:/texlive/2020/texmf-dist/tex/latex/graphics/keyval.sty
Package: keyval 2014/10/28 v1.15 key=value parser (DPC)
\KV@toks@=\toks16
) (c:/texlive/2020/texmf-dist/tex/latex/graphics/graphics.sty
Package: graphics 2020/08/30 v1.4c Standard LaTeX Graphics (DPC,SPQR)
(c:/texlive/2020/texmf-dist/tex/latex/graphics/trig.sty
Package: trig 2016/01/03 v1.10 sin cos tan (DPC)
) (c:/texlive/2020/texmf-dist/tex/latex/graphics-cfg/graphics.cfg
File: graphics.cfg 2016/06/04 v1.11 sample graphics configuration
)
Package graphics Info: Driver file: dvipdfmx.def on input line 105.
(c:/texlive/2020/texmf-dist/tex/latex/graphics-def/dvipdfmx.def
File: dvipdfmx.def 2020/08/26 v5.0h Graphics/color driver for dvipdfmx
))
\Gin@req@height=\dimen157
\Gin@req@width=\dimen158
) (c:/texlive/2020/texmf-dist/tex/latex/pdfpages/pdfpages.sty
Package: pdfpages 2020/01/28 v0.5q Insert pages of external PDF documents (AM)
(c:/texlive/2020/texmf-dist/tex/latex/base/ifthen.sty
Package: ifthen 2014/09/29 v1.1c Standard LaTeX ifthen package (DPC)
) (c:/texlive/2020/texmf-dist/tex/latex/tools/calc.sty
Package: calc 2017/05/25 v4.3 Infix arithmetic (KKT,FJ)
\calc@Acount=\count187
\calc@Bcount=\count188
\calc@Adimen=\dimen159
\calc@Bdimen=\dimen160
\calc@Askip=\skip50
\calc@Bskip=\skip51
LaTeX Info: Redefining \setlength on input line 80.
LaTeX Info: Redefining \addtolength on input line 81.
\calc@Ccount=\count189
\calc@Cskip=\skip52
) (c:/texlive/2020/texmf-dist/tex/latex/eso-pic/eso-pic.sty
Package: eso-pic 2020/10/14 v3.0a eso-pic (RN)
\ESO@tempdima=\dimen161
\ESO@tempdimb=\dimen162
(c:/texlive/2020/texmf-dist/tex/latex/xcolor/xcolor.sty
Package: xcolor 2016/05/11 v2.12 LaTeX color extensions (UK)
(c:/texlive/2020/texmf-dist/tex/latex/graphics-cfg/color.cfg
File: color.cfg 2016/01/02 v1.6 sample color configuration
)
Package xcolor Info: Driver file: dvipdfmx.def on input line 225.
Package xcolor Info: Model `cmy' substituted by `cmy0' on input line 1348.
Package xcolor Info: Model `RGB' extended on input line 1364.
Package xcolor Info: Model `HTML' substituted by `rgb' on input line 1366.
Package xcolor Info: Model `Hsb' substituted by `hsb' on input line 1367.
Package xcolor Info: Model `tHsb' substituted by `hsb' on input line 1368.
Package xcolor Info: Model `HSB' substituted by `hsb' on input line 1369.
Package xcolor Info: Model `Gray' substituted by `gray' on input line 1370.
Package xcolor Info: Model `wave' substituted by `hsb' on input line 1371.
))
\AM@pagewidth=\dimen163
\AM@pageheight=\dimen164
(c:/texlive/2020/texmf-dist/tex/latex/pdfpages/ppdvipdfmx.def
File: ppdvipdfmx.def 2020/01/28 v0.5q Pdfpages driver for dvipdfmx (AM)
)
\AM@pagebox=\box64
\AM@global@opts=\toks17
\AM@pagecnt=\count190
\AM@toc@title=\toks18
\c@AM@survey=\count191
\AM@templatesizebox=\box65
) (c:/texlive/2020/texmf-dist/tex/latex/l3backend/l3backend-dvipdfmx.def
File: l3backend-dvipdfmx.def 2020-09-24 L3 backend support: dvipdfmx
\g__graphics_track_int=\count192
\l__pdf_internal_box=\box66
\g__pdf_backend_object_int=\count193
\g__pdf_backend_annotation_int=\count194
) (out/paper.aux

LaTeX Warning: Label `face-list' multiply defined.

)
\openout1 = `paper.aux'.

LaTeX Font Info:    Checking defaults for OML/cmm/m/it on input line 6.
LaTeX Font Info:    ... okay on input line 6.
LaTeX Font Info:    Checking defaults for OMS/cmsy/m/n on input line 6.
LaTeX Font Info:    ... okay on input line 6.
LaTeX Font Info:    Checking defaults for OT1/cmr/m/n on input line 6.
LaTeX Font Info:    ... okay on input line 6.
LaTeX Font Info:    Checking defaults for T1/cmr/m/n on input line 6.
LaTeX Font Info:    ... okay on input line 6.
LaTeX Font Info:    Checking defaults for TS1/cmr/m/n on input line 6.
LaTeX Font Info:    ... okay on input line 6.
LaTeX Font Info:    Checking defaults for OMX/cmex/m/n on input line 6.
LaTeX Font Info:    ... okay on input line 6.
LaTeX Font Info:    Checking defaults for U/cmr/m/n on input line 6.
LaTeX Font Info:    ... okay on input line 6.
LaTeX Font Info:    Checking defaults for JY1/mc/m/n on input line 6.
LaTeX Font Info:    ... okay on input line 6.
LaTeX Font Info:    Checking defaults for JT1/mc/m/n on input line 6.
LaTeX Font Info:    ... okay on input line 6.
(c:/texlive/2020/texmf-dist/tex/latex/pdflscape/pdflscape.sty
Package: pdflscape 2019/12/05 v0.12 Display of landscape pages in PDF (HO)
(c:/texlive/2020/texmf-dist/tex/generic/iftex/iftex.sty
Package: iftex 2020/03/06 v1.0d TeX engine tests
) (c:/texlive/2020/texmf-dist/tex/latex/graphics/lscape.sty
Package: lscape 2020/05/28 v3.02 Landscape Pages (DPC)
) (c:/texlive/2020/texmf-dist/tex/latex/base/atbegshi-ltx.sty
Package: atbegshi-ltx 2020/08/17 v1.0a Emulation of the original atbegshi package
with kernel methods
))
LaTeX Font Info:    Font shape `JT1/mc/bx/n' in size <14.4> not available
(Font)              Font shape `JT1/gt/m/n' tried instead on input line 14.
LaTeX Font Info:    Font shape `JY1/mc/bx/n' in size <14.4> not available
(Font)              Font shape `JY1/gt/m/n' tried instead on input line 14.
LaTeX Font Info:    Font shape `JT1/mc/bx/n' in size <20.74> not available
(Font)              Font shape `JT1/gt/m/n' tried instead on input line 17.
LaTeX Font Info:    Font shape `JY1/mc/bx/n' in size <20.74> not available
(Font)              Font shape `JY1/gt/m/n' tried instead on input line 17.
[1

] (out/paper.toc
LaTeX Font Info:    Font shape `JT1/mc/bx/n' in size <10.95> not available
(Font)              Font shape `JT1/gt/m/n' tried instead on input line 1.
LaTeX Font Info:    Font shape `JY1/mc/bx/n' in size <10.95> not available
(Font)              Font shape `JY1/gt/m/n' tried instead on input line 1.
LaTeX Font Info:    External font `cmex10' loaded for size
(Font)              <10.95> on input line 3.
LaTeX Font Info:    External font `cmex10' loaded for size
(Font)              <8> on input line 3.
LaTeX Font Info:    External font `cmex10' loaded for size
(Font)              <6> on input line 3.
[1

])
\tf@toc=\write3
\openout3 = `paper.toc'.

[2] (./introduction.tex
第 1 章
) (./TH.tex [1


]
第 2 章
[2

] [3]) (./MM.tex [4]
第 3 章
File: image/majority-machine.eps Graphic file (type eps)
<image/majority-machine.eps>
[5

]) (./configuration.tex [6]
第 4 章
File: image/system-overview.eps Graphic file (type eps)
<image/system-overview.eps>
LaTeX Font Info:    Font shape `JT1/mc/bx/n' in size <12> not available
(Font)              Font shape `JT1/gt/m/n' tried instead on input line 20.
LaTeX Font Info:    Font shape `JY1/mc/bx/n' in size <12> not available
(Font)              Font shape `JY1/gt/m/n' tried instead on input line 20.
[7

]
File: image/faceborn.eps Graphic file (type eps)
<image/faceborn.eps>
[8]
File: image/roulette.eps Graphic file (type eps)
<image/roulette.eps>
File: image/face-list.eps Graphic file (type eps)
<image/face-list.eps>
) (./evaluation.tex [9] [10]
第 5 章
[11

] [12]) (./consideration.tex [13]
第 6 章
) (./end.tex [14

]
第 7 章
) (./thanks.tex [15

]
File: image/cubism.eps Graphic file (type eps)
<image/cubism.eps>
) (out/paper.bbl [16

]) (./a.tex [17

]
付 録 A  
File: image/site.pdf Graphic file (type pdf)
<image/site.pdf>
File: image/site.pdf Graphic file (type pdf)
<image/site.pdf>

Overfull \hbox (50.42015pt too wide) in paragraph at lines 15--16
 [] 
 []

File: image/site.pdf Graphic file (type pdf)
<image/site.pdf>
File: image/site.pdf Graphic file (type pdf)
<image/site.pdf>
File: image/site.pdf Graphic file (type pdf)
<image/site.pdf>
File: image/site.pdf Graphic file (type pdf)
<image/site.pdf>
File: image/site.pdf Graphic file (type pdf)
<image/site.pdf>
File: image/site.pdf Graphic file (type pdf)
<image/site.pdf>
File: image/site.pdf Graphic file (type pdf)
<image/site.pdf>
File: image/site.pdf Graphic file (type pdf)
<image/site.pdf>
File: image/site.pdf Graphic file (type pdf)
<image/site.pdf>
File: image/site.pdf Graphic file (type pdf)
<image/site.pdf>
File: image/site.pdf Graphic file (type pdf)
<image/site.pdf>
File: image/site.pdf Graphic file (type pdf)
<image/site.pdf>
) (./b.tex [18

] [19] [20] [21] [22] [23] [24] [25] [26] [27] [28] [29] [30] [31]
付 録 B  
File: image/ancate/1.pdf Graphic file (type pdf)
<image/ancate/1.pdf>
File: image/ancate/1.pdf Graphic file (type pdf)
<image/ancate/1.pdf>
File: image/ancate/2.pdf Graphic file (type pdf)
<image/ancate/2.pdf>
File: image/ancate/3.pdf Graphic file (type pdf)
<image/ancate/3.pdf>
File: image/ancate/3.pdf Graphic file (type pdf)
<image/ancate/3.pdf>
File: image/ancate/4.pdf Graphic file (type pdf)
<image/ancate/4.pdf>
File: image/ancate/4.pdf Graphic file (type pdf)
<image/ancate/4.pdf>
File: image/ancate/5.pdf Graphic file (type pdf)
<image/ancate/5.pdf>
File: image/ancate/5.pdf Graphic file (type pdf)
<image/ancate/5.pdf>
File: image/ancate/5.pdf Graphic file (type pdf)
<image/ancate/5.pdf>
) (./c.tex [32

] [33] [34] [35] [36] [37] [38] [39] [40] [41]
付 録 C  
File: image/ancate/overview.pdf Graphic file (type pdf)
<image/ancate/overview.pdf>
File: image/ancate/overview.pdf Graphic file (type pdf)
<image/ancate/overview.pdf>
) (./d.tex [42

] [43]
付 録 D  

LaTeX Warning: `h' float specifier changed to `ht'.


LaTeX Warning: `h' float specifier changed to `ht'.


LaTeX Warning: `h' float specifier changed to `ht'.


LaTeX Warning: `h' float specifier changed to `ht'.


LaTeX Warning: `h' float specifier changed to `ht'.

) [44

] [45] [46] [47] [48] [49] (out/paper.aux)

LaTeX Warning: There were multiply-defined labels.

 ) 
Here is how much of TeX's memory you used:
 2461 strings out of 479854
 36726 string characters out of 5884980
 354959 words of memory out of 5000000
 19707 multiletter control sequences out of 15000+600000
 416177 words of font info for 76 fonts, out of 8000000 for 9000
 929 hyphenation exceptions out of 8191
 66i,10n,72p,644b,338s stack positions out of 5000i,500n,10000p,200000b,80000s

Output written on out/paper.dvi (52 pages, 91496 bytes).
