This is e-pTeX, Version 3.14159265-p3.8.3-191112-2.6 (utf8.sjis) (TeX Live 2019/W32TeX) (preloaded format=platex 2019.12.11)  27 JAN 2020 23:11
entering extended mode
 restricted \write18 enabled.
 %&-line parsing enabled.
**paper
(./paper.tex
pLaTeX2e <2019-10-01>+1 (based on LaTeX2e <2019-10-01> patch level 3)
(c:/w32tex/share/texmf-dist/tex/platex/base/jreport.cls
Document Class: jreport 2019/10/17 v1.8c Standard pLaTeX class
\c@@paper=\count83
(c:/w32tex/share/texmf-dist/tex/latex/base/fleqn.clo
File: fleqn.clo 2016/12/29 v1.2b Standard LaTeX option (flush left equations)
\mathindent=\dimen118
Applying: [2015/01/01] Make \[ robust on input line 50.
LaTeX Info: Redefining \[ on input line 51.
Already applied: [0000/00/00] Make \[ robust on input line 62.
Applying: [2015/01/01] Make \] robust on input line 74.
LaTeX Info: Redefining \] on input line 75.
Already applied: [0000/00/00] Make \] robust on input line 83.
)
(c:/w32tex/share/texmf-dist/tex/platex/base/jsize11.clo
File: jsize11.clo 2019/10/17 v1.8c Standard pLaTeX file (size option)
)
\c@part=\count84
\c@chapter=\count85
\c@section=\count86
\c@subsection=\count87
\c@subsubsection=\count88
\c@paragraph=\count89
\c@subparagraph=\count90
\c@figure=\count91
\c@table=\count92
\abovecaptionskip=\skip41
\belowcaptionskip=\skip42
\symmincho=\mathgroup4
LaTeX Font Info:    Overwriting symbol font `mincho' in version `bold'
(Font)                  JY1/mc/m/n --> JY1/gt/m/n on input line 703.
\toclineskip=\dimen119
\@lnumwidth=\dimen120
\bibindent=\dimen121
\heisei=\count93
) (./mysty.sty)
(c:/w32tex/share/texmf-dist/tex/latex/graphics/graphicx.sty
Package: graphicx 2017/06/01 v1.1a Enhanced LaTeX Graphics (DPC,SPQR)

(c:/w32tex/share/texmf-dist/tex/latex/graphics/keyval.sty
Package: keyval 2014/10/28 v1.15 key=value parser (DPC)
\KV@toks@=\toks15
)
(c:/w32tex/share/texmf-dist/tex/latex/graphics/graphics.sty
Package: graphics 2019/11/01 v1.3d Standard LaTeX Graphics (DPC,SPQR)

(c:/w32tex/share/texmf-dist/tex/latex/graphics/trig.sty
Package: trig 2016/01/03 v1.10 sin cos tan (DPC)
)
(c:/w32tex/share/texmf-dist/tex/latex/graphics-cfg/graphics.cfg
File: graphics.cfg 2016/06/04 v1.11 sample graphics configuration
)
Package graphics Info: Driver file: dvipdfmx.def on input line 105.

(c:/w32tex/share/texmf-dist/tex/latex/graphics-def/dvipdfmx.def
File: dvipdfmx.def 2017/06/24 v5.0g Graphics/color driver for dvipdfmx
))
\Gin@req@height=\dimen122
\Gin@req@width=\dimen123
)
(c:/w32tex/share/texmf-dist/tex/latex/multirow/multirow.sty
Package: multirow 2019/05/31 v2.5 Span multiple rows of a table
\multirow@colwidth=\skip43
\multirow@cntb=\count94
\multirow@dima=\skip44
\bigstrutjot=\dimen124
) (./paper.aux

LaTeX Warning: Label `free4' multiply defined.


LaTeX Warning: Label `free1' multiply defined.

)
\openout1 = `paper.aux'.

LaTeX Font Info:    Checking defaults for OML/cmm/m/it on input line 6.
LaTeX Font Info:    ... okay on input line 6.
LaTeX Font Info:    Checking defaults for T1/cmr/m/n on input line 6.
LaTeX Font Info:    ... okay on input line 6.
LaTeX Font Info:    Checking defaults for OT1/cmr/m/n on input line 6.
LaTeX Font Info:    ... okay on input line 6.
LaTeX Font Info:    Checking defaults for OMS/cmsy/m/n on input line 6.
LaTeX Font Info:    ... okay on input line 6.
LaTeX Font Info:    Checking defaults for OMX/cmex/m/n on input line 6.
LaTeX Font Info:    ... okay on input line 6.
LaTeX Font Info:    Checking defaults for U/cmr/m/n on input line 6.
LaTeX Font Info:    ... okay on input line 6.
LaTeX Font Info:    Checking defaults for JY1/mc/m/n on input line 6.
LaTeX Font Info:    ... okay on input line 6.
LaTeX Font Info:    Checking defaults for JT1/mc/m/n on input line 6.
LaTeX Font Info:    ... okay on input line 6.
LaTeX Font Info:    Font shape `JT1/mc/bx/n' in size <14.4> not available
(Font)              Font shape `JT1/gt/m/n' tried instead on input line 14.
LaTeX Font Info:    Font shape `JY1/mc/bx/n' in size <14.4> not available
(Font)              Font shape `JY1/gt/m/n' tried instead on input line 14.
LaTeX Font Info:    Font shape `JT1/mc/bx/n' in size <20.74> not available
(Font)              Font shape `JT1/gt/m/n' tried instead on input line 21.
LaTeX Font Info:    Font shape `JY1/mc/bx/n' in size <20.74> not available
(Font)              Font shape `JY1/gt/m/n' tried instead on input line 21.
 [1

] (./paper.toc
LaTeX Font Info:    Font shape `JT1/mc/bx/n' in size <10.95> not available
(Font)              Font shape `JT1/gt/m/n' tried instead on input line 1.
LaTeX Font Info:    Font shape `JY1/mc/bx/n' in size <10.95> not available
(Font)              Font shape `JY1/gt/m/n' tried instead on input line 1.
LaTeX Font Info:    External font `cmex10' loaded for size
(Font)              <10.95> on input line 4.
LaTeX Font Info:    External font `cmex10' loaded for size
(Font)              <8> on input line 4.
LaTeX Font Info:    External font `cmex10' loaded for size
(Font)              <6> on input line 4.
 [1

])
\tf@toc=\write3
\openout3 = `paper.toc'.

 [2] (./01.tex
第 1 章
) (./02.tex [1


]
第 2 章
File: image/playing cards.eps Graphic file (type eps)
<image/playing cards.eps>
File: image/cardstry.eps Graphic file (type eps)
<image/cardstry.eps>
File: image/bee.eps Graphic file (type eps)
<image/bee.eps>
) (./03.tex [2

] [3]
第 3 章
File: image/ga_proces.eps Graphic file (type eps)
<image/ga_proces.eps>
LaTeX Font Info:    Font shape `JT1/mc/bx/n' in size <12> not available
(Font)              Font shape `JT1/gt/m/n' tried instead on input line 30.
LaTeX Font Info:    Font shape `JY1/mc/bx/n' in size <12> not available
(Font)              Font shape `JY1/gt/m/n' tried instead on input line 30.
[4

]
File: image/ga_chrom.eps Graphic file (type eps)
<image/ga_chrom.eps>
File: image/ga_roulette.eps Graphic file (type eps)
<image/ga_roulette.eps>
 [5]
File: image/ga_tournament.eps Graphic file (type eps)
<image/ga_tournament.eps>
 [6]
File: image/ga_cross.eps Graphic file (type eps)
<image/ga_cross.eps>
File: image/ga_mutation.eps Graphic file (type eps)
<image/ga_mutation.eps>
 [7] [8]) (./04.tex [9]
第 4 章
[10

]
File: image/iga_chrom.eps Graphic file (type eps)
<image/iga_chrom.eps>
 [11] [12]
File: image/index.eps Graphic file (type eps)
<image/index.eps>
 [13]
File: image/value.eps Graphic file (type eps)
<image/value.eps>
File: image/value_5.eps Graphic file (type eps)
<image/value_5.eps>
File: image/color_picker.eps Graphic file (type eps)
<image/color_picker.eps>
File: image/last.eps Graphic file (type eps)
<image/last.eps>
 [14] [15]) (./05.tex [16]
第 5 章
LaTeX Font Info:    Trying to load font information for OMS+cmr on input line 9
.
(c:/w32tex/share/texmf-dist/tex/latex/base/omscmr.fd
File: omscmr.fd 2014/09/29 v2.5h Standard LaTeX font definitions
)
LaTeX Font Info:    Font shape `OMS/cmr/m/n' in size <10.95> not available
(Font)              Font shape `OMS/cmsy/m/n' tried instead on input line 9.
 [17

]
Overfull \hbox (9.01448pt too wide) in paragraph at lines 124--145
 [][][][] 
 []


Overfull \hbox (9.01448pt too wide) in paragraph at lines 150--169
 [][][][] 
 []


Overfull \hbox (9.01448pt too wide) in paragraph at lines 174--190
 [][][][] 
 []


Overfull \hbox (9.01448pt too wide) in paragraph at lines 195--215
 [][][][] 
 []


Overfull \hbox (9.01448pt too wide) in paragraph at lines 220--243
 [][][][] 
 []


Overfull \hbox (9.01448pt too wide) in paragraph at lines 247--260
 [][][][] 
 []


Overfull \hbox (9.01448pt too wide) in paragraph at lines 264--280
 [][][][] 
 []

) (./06.tex [18] [19] [20] [21] [22] [23] [24] [25]
第 6 章
[26

]
File: image/playing_cards1.eps Graphic file (type eps)
<image/playing_cards1.eps>
File: image/playing_cards4_1.eps Graphic file (type eps)
<image/playing_cards4_1.eps>
 [27] [28]) (./07.tex [29]
第 7 章
) (./thanks.tex [30

]) (./paper.bbl [31

]) (./a.tex [32

]
付 録 A  
) (./b.tex [33

]
付 録 B  
File: image/work_sheet1.eps Graphic file (type eps)
<image/work_sheet1.eps>
File: image/work_sheet2.eps Graphic file (type eps)
<image/work_sheet2.eps>
File: image/work_sheet3_2.eps Graphic file (type eps)
<image/work_sheet3_2.eps>
) (./c.tex [34

] [35] [36]
付 録 C  
File: image/playing_cards1_1.eps Graphic file (type eps)
<image/playing_cards1_1.eps>
) [37

] (./paper.aux)

LaTeX Warning: There were multiply-defined labels.

 ) 
Here is how much of TeX's memory you used:
 1025 strings out of 492749
 13064 string characters out of 6141886
 143997 words of memory out of 5000000
 5467 multiletter control sequences out of 15000+600000
 16747 words of font info for 64 fonts, out of 8000000 for 9000
 929 hyphenation exceptions out of 8191
 30i,9n,29p,738b,317s stack positions out of 5000i,500n,10000p,500000b,80000s

Output written on paper.dvi (40 pages, 112264 bytes).
