This is e-pTeX, Version 3.14159265-p3.8.1-180901-2.6 (utf8.sjis) (TeX Live 2018/W32TeX) (preloaded format=platex 2018.11.14)  23 JAN 2019 12:16
entering extended mode
 restricted \write18 enabled.
 %&-line parsing enabled.
**mybib.bib
(./mybib.bib
pLaTeX2e <2018-07-28>+1 (based on LaTeX2e <2018-04-01> patch level 5)

! LaTeX Error: Missing \begin{document}.

See the LaTeX manual or LaTeX Companion for explanation.
Type  H <return>  for immediate help.
 ...                                              
                                                  
l.1 @
     Book{Mizuno07,
? 
! Emergency stop.
 ...                                              
                                                  
l.1 @
     Book{Mizuno07,
You're in trouble here.  Try typing  <return>  to proceed.
If that doesn't work, type  X <return>  to quit.

 
Here is how much of TeX's memory you used:
 7 strings out of 493246
 176 string characters out of 6146321
 61373 words of memory out of 5000000
 4067 multiletter control sequences out of 15000+600000
 7511 words of font info for 31 fonts, out of 8000000 for 9000
 929 hyphenation exceptions out of 8191
 5i,0n,4p,27b,14s stack positions out of 5000i,500n,10000p,500000b,80000s
No pages of output.
